2023-10-09 17:20:09,659 - INFO - Successfully fetched spamhaus_drop
2023-10-09 17:20:09,660 - INFO - Successfully fetched spamhaus_drop
2023-10-09 17:20:10,252 - INFO - Successfully fetched spamhaus_edrop
2023-10-09 17:20:10,253 - INFO - Successfully fetched spamhaus_edrop
2023-10-09 17:20:12,022 - INFO - Successfully fetched openphish_feed
2023-10-09 17:20:12,023 - INFO - Successfully fetched openphish_feed
2023-10-09 17:20:13,563 - INFO - Successfully fetched tor_exit_nodes
2023-10-09 17:20:13,563 - INFO - Successfully fetched tor_exit_nodes
2023-10-09 17:20:14,111 - INFO - Successfully fetched feodo_tracker
2023-10-09 17:20:14,112 - INFO - Successfully fetched feodo_tracker
2023-10-09 17:20:17,904 - INFO - Successfully fetched greensnow_co
2023-10-09 17:20:17,905 - INFO - Successfully fetched greensnow_co
2023-10-09 17:20:19,538 - INFO - Successfully fetched emerging_threats_compromised_ips
2023-10-09 17:20:19,538 - INFO - Successfully fetched emerging_threats_compromised_ips
2023-10-09 17:20:20,169 - INFO - Successfully fetched abuse_ch_sslipblacklist
2023-10-09 17:20:20,169 - INFO - Successfully fetched abuse_ch_sslipblacklist
2023-10-09 17:20:34,809 - INFO - Successfully fetched abuse_ch_urlhaus
2023-10-09 17:20:34,826 - INFO - Successfully fetched abuse_ch_urlhaus
2023-10-09 17:20:36,216 - INFO - Successfully fetched firehol_level1
2023-10-09 17:20:36,217 - INFO - Successfully fetched firehol_level1
2023-10-09 17:20:37,883 - INFO - Successfully fetched firehol_level2
2023-10-09 17:20:37,885 - INFO - Successfully fetched firehol_level2
2023-10-09 17:20:38,963 - INFO - Successfully fetched firehol_level3
2023-10-09 17:20:38,966 - INFO - Successfully fetched firehol_level3
2023-10-09 17:20:41,110 - INFO - Successfully fetched ciarmy_malicious
2023-10-09 17:20:41,113 - INFO - Successfully fetched ciarmy_malicious
2023-10-09 17:20:41,125 - INFO - Loaded abuse_ch_urlhaus from cache
2023-10-09 17:20:41,145 - INFO - Successfully fetched abuse_ch_urlhaus
2023-10-09 17:20:46,816 - INFO - Successfully fetched emerging_threats_suricata_malware
2023-10-09 17:20:46,838 - INFO - Successfully fetched emerging_threats_suricata_malware
2023-10-09 17:20:48,983 - INFO - Successfully fetched emerging_threats_suricata_exploit_kit
2023-10-09 17:20:48,986 - INFO - Successfully fetched emerging_threats_suricata_exploit_kit
2023-10-09 17:20:51,611 - INFO - Successfully fetched emerging_threats_suricata_phishing
2023-10-09 17:20:51,615 - INFO - Successfully fetched emerging_threats_suricata_phishing
2023-10-09 17:20:54,018 - INFO - Successfully fetched emerging_threats_suricata_policy
2023-10-09 17:20:54,020 - INFO - Successfully fetched emerging_threats_suricata_policy
2023-10-09 17:20:56,119 - INFO - Successfully fetched emerging_threats_snort_malware
2023-10-09 17:20:56,121 - INFO - Successfully fetched emerging_threats_snort_malware
2023-10-09 17:20:58,630 - INFO - Successfully fetched emerging_threats_snort_exploit
2023-10-09 17:20:58,633 - INFO - Successfully fetched emerging_threats_snort_exploit
